<?xml version="1.0" encoding="UTF-8"?>
<coverage generated="1586890131686" clover="3.2.0">
  <project timestamp="1586890131686" name="All files">
    <metrics statements="33" coveredstatements="28" conditionals="0" coveredconditionals="0" methods="10" coveredmethods="6" elements="43" coveredelements="34" complexity="0" loc="33" ncloc="33" packages="3" files="12" classes="12"/>
    <package name="Data_Visualizations">
      <metrics statements="13" coveredstatements="10" conditionals="0" coveredconditionals="0" methods="5" coveredmethods="3"/>
      <file name="DataVisualsList.vue" path="/Users/brandonellis/Documents/Code Projects/vue_resume_site/client/resume_site/src/components/Data_Visualizations/DataVisualsList.vue">
        <metrics statements="2" coveredstatements="2" conditionals="0" coveredconditionals="0" methods="1" coveredmethods="1"/>
        <line num="10" count="3" type="stmt"/>
        <line num="17" count="1" type="stmt"/>
      </file>
      <file name="DataVisualsMain.vue" path="/Users/brandonellis/Documents/Code Projects/vue_resume_site/client/resume_site/src/components/Data_Visualizations/DataVisualsMain.vue">
        <metrics statements="2" coveredstatements="2" conditionals="0" coveredconditionals="0" methods="0" coveredmethods="0"/>
        <line num="14" count="2" type="stmt"/>
        <line num="15" count="2" type="stmt"/>
      </file>
      <file name="DataVisualsPage.vue" path="/Users/brandonellis/Documents/Code Projects/vue_resume_site/client/resume_site/src/components/Data_Visualizations/DataVisualsPage.vue">
        <metrics statements="8" coveredstatements="5" conditionals="0" coveredconditionals="0" methods="3" coveredmethods="1"/>
        <line num="33" count="1" type="stmt"/>
        <line num="34" count="1" type="stmt"/>
        <line num="35" count="1" type="stmt"/>
        <line num="36" count="1" type="stmt"/>
        <line num="46" count="1" type="stmt"/>
        <line num="53" count="0" type="stmt"/>
        <line num="54" count="0" type="stmt"/>
        <line num="58" count="0" type="stmt"/>
      </file>
      <file name="DataVisualsSidebar.vue" path="/Users/brandonellis/Documents/Code Projects/vue_resume_site/client/resume_site/src/components/Data_Visualizations/DataVisualsSidebar.vue">
        <metrics statements="1" coveredstatements="1" conditionals="0" coveredconditionals="0" methods="1" coveredmethods="1"/>
        <line num="17" count="1" type="stmt"/>
      </file>
    </package>
    <package name="Global">
      <metrics statements="3" coveredstatements="3" conditionals="0" coveredconditionals="0" methods="2" coveredmethods="2"/>
      <file name="ContactOverlay.vue" path="/Users/brandonellis/Documents/Code Projects/vue_resume_site/client/resume_site/src/components/Global/ContactOverlay.vue">
        <metrics statements="1" coveredstatements="1" conditionals="0" coveredconditionals="0" methods="0" coveredmethods="0"/>
        <line num="28" count="5" type="stmt"/>
      </file>
      <file name="Footer.vue" path="/Users/brandonellis/Documents/Code Projects/vue_resume_site/client/resume_site/src/components/Global/Footer.vue">
        <metrics statements="1" coveredstatements="1" conditionals="0" coveredconditionals="0" methods="1" coveredmethods="1"/>
        <line num="79" count="1" type="stmt"/>
      </file>
      <file name="Navbar.vue" path="/Users/brandonellis/Documents/Code Projects/vue_resume_site/client/resume_site/src/components/Global/Navbar.vue">
        <metrics statements="1" coveredstatements="1" conditionals="0" coveredconditionals="0" methods="1" coveredmethods="1"/>
        <line num="69" count="2" type="stmt"/>
      </file>
    </package>
    <package name="Home">
      <metrics statements="17" coveredstatements="15" conditionals="0" coveredconditionals="0" methods="3" coveredmethods="1"/>
      <file name="HomeBanner.vue" path="/Users/brandonellis/Documents/Code Projects/vue_resume_site/client/resume_site/src/components/Home/HomeBanner.vue">
        <metrics statements="1" coveredstatements="1" conditionals="0" coveredconditionals="0" methods="0" coveredmethods="0"/>
        <line num="19" count="2" type="stmt"/>
      </file>
      <file name="HomeBio.vue" path="/Users/brandonellis/Documents/Code Projects/vue_resume_site/client/resume_site/src/components/Home/HomeBio.vue">
        <metrics statements="4" coveredstatements="4" conditionals="0" coveredconditionals="0" methods="0" coveredmethods="0"/>
        <line num="37" count="2" type="stmt"/>
        <line num="38" count="2" type="stmt"/>
        <line num="39" count="2" type="stmt"/>
        <line num="40" count="2" type="stmt"/>
      </file>
      <file name="HomeContact.vue" path="/Users/brandonellis/Documents/Code Projects/vue_resume_site/client/resume_site/src/components/Home/HomeContact.vue">
        <metrics statements="1" coveredstatements="1" conditionals="0" coveredconditionals="0" methods="0" coveredmethods="0"/>
        <line num="23" count="2" type="stmt"/>
      </file>
      <file name="HomePage.vue" path="/Users/brandonellis/Documents/Code Projects/vue_resume_site/client/resume_site/src/components/Home/HomePage.vue">
        <metrics statements="10" coveredstatements="8" conditionals="0" coveredconditionals="0" methods="3" coveredmethods="1"/>
        <line num="21" count="1" type="stmt"/>
        <line num="22" count="1" type="stmt"/>
        <line num="23" count="1" type="stmt"/>
        <line num="24" count="1" type="stmt"/>
        <line num="25" count="1" type="stmt"/>
        <line num="26" count="1" type="stmt"/>
        <line num="27" count="1" type="stmt"/>
        <line num="40" count="1" type="stmt"/>
        <line num="47" count="0" type="stmt"/>
        <line num="51" count="0" type="stmt"/>
      </file>
      <file name="HomeTestimonials.vue" path="/Users/brandonellis/Documents/Code Projects/vue_resume_site/client/resume_site/src/components/Home/HomeTestimonials.vue">
        <metrics statements="1" coveredstatements="1" conditionals="0" coveredconditionals="0" methods="0" coveredmethods="0"/>
        <line num="11" count="2" type="stmt"/>
      </file>
    </package>
  </project>
</coverage>
