{"/Users/brandonellis/Documents/Code Projects/vue_resume_site/client/resume_site/src/components/Data_Visualizations/DataVisualsList.vue": {"path":"/Users/brandonellis/Documents/Code Projects/vue_resume_site/client/resume_site/src/components/Data_Visualizations/DataVisualsList.vue","statementMap":{"0":{"start":{"line":10,"column":0},"end":{"line":10,"column":null}},"1":{"start":{"line":17,"column":0},"end":{"line":17,"column":null}}},"fnMap":{"0":{"name":"(anonymous_1)","decl":{"start":{"line":17,"column":0},"end":{"line":17,"column":null}},"loc":{"start":{"line":17,"column":0},"end":{"line":17,"column":null}}}},"branchMap":{},"s":{"0":3,"1":1},"f":{"0":1},"b":{}}
,"/Users/brandonellis/Documents/Code Projects/vue_resume_site/client/resume_site/src/components/Data_Visualizations/DataVisualsMain.vue": {"path":"/Users/brandonellis/Documents/Code Projects/vue_resume_site/client/resume_site/src/components/Data_Visualizations/DataVisualsMain.vue","statementMap":{"0":{"start":{"line":14,"column":0},"end":{"line":14,"column":null}},"1":{"start":{"line":15,"column":0},"end":{"line":15,"column":null}}},"fnMap":{},"branchMap":{},"s":{"0":2,"1":2},"f":{},"b":{}}
,"/Users/brandonellis/Documents/Code Projects/vue_resume_site/client/resume_site/src/components/Data_Visualizations/DataVisualsPage.vue": {"path":"/Users/brandonellis/Documents/Code Projects/vue_resume_site/client/resume_site/src/components/Data_Visualizations/DataVisualsPage.vue","statementMap":{"0":{"start":{"line":33,"column":0},"end":{"line":33,"column":null}},"1":{"start":{"line":34,"column":0},"end":{"line":34,"column":null}},"2":{"start":{"line":35,"column":0},"end":{"line":35,"column":null}},"3":{"start":{"line":36,"column":0},"end":{"line":36,"column":null}},"4":{"start":{"line":46,"column":0},"end":{"line":46,"column":null}},"5":{"start":{"line":53,"column":0},"end":{"line":53,"column":null}},"6":{"start":{"line":57,"column":0},"end":{"line":57,"column":null}}},"fnMap":{"0":{"name":"(anonymous_1)","decl":{"start":{"line":46,"column":0},"end":{"line":46,"column":null}},"loc":{"start":{"line":46,"column":0},"end":{"line":46,"column":null}}},"1":{"name":"(anonymous_2)","decl":{"start":{"line":52,"column":0},"end":{"line":52,"column":null}},"loc":{"start":{"line":52,"column":0},"end":{"line":54,"column":null}}},"2":{"name":"(anonymous_3)","decl":{"start":{"line":56,"column":0},"end":{"line":56,"column":null}},"loc":{"start":{"line":56,"column":0},"end":{"line":58,"column":null}}}},"branchMap":{},"s":{"0":1,"1":1,"2":1,"3":1,"4":1,"5":0,"6":0},"f":{"0":1,"1":0,"2":0},"b":{}}
,"/Users/brandonellis/Documents/Code Projects/vue_resume_site/client/resume_site/src/components/Data_Visualizations/DataVisualsSidebar.vue": {"path":"/Users/brandonellis/Documents/Code Projects/vue_resume_site/client/resume_site/src/components/Data_Visualizations/DataVisualsSidebar.vue","statementMap":{"0":{"start":{"line":17,"column":0},"end":{"line":17,"column":null}}},"fnMap":{"0":{"name":"(anonymous_1)","decl":{"start":{"line":17,"column":0},"end":{"line":17,"column":null}},"loc":{"start":{"line":17,"column":0},"end":{"line":17,"column":null}}}},"branchMap":{},"s":{"0":1},"f":{"0":1},"b":{}}
,"/Users/brandonellis/Documents/Code Projects/vue_resume_site/client/resume_site/src/components/Global/ContactOverlay.vue": {"path":"/Users/brandonellis/Documents/Code Projects/vue_resume_site/client/resume_site/src/components/Global/ContactOverlay.vue","statementMap":{"0":{"start":{"line":28,"column":0},"end":{"line":28,"column":null}}},"fnMap":{},"branchMap":{},"s":{"0":7},"f":{},"b":{}}
,"/Users/brandonellis/Documents/Code Projects/vue_resume_site/client/resume_site/src/components/Global/Footer.vue": {"path":"/Users/brandonellis/Documents/Code Projects/vue_resume_site/client/resume_site/src/components/Global/Footer.vue","statementMap":{"0":{"start":{"line":79,"column":0},"end":{"line":79,"column":null}}},"fnMap":{"0":{"name":"(anonymous_1)","decl":{"start":{"line":79,"column":0},"end":{"line":79,"column":null}},"loc":{"start":{"line":79,"column":0},"end":{"line":79,"column":null}}}},"branchMap":{},"s":{"0":1},"f":{"0":1},"b":{}}
,"/Users/brandonellis/Documents/Code Projects/vue_resume_site/client/resume_site/src/components/Global/Navbar.vue": {"path":"/Users/brandonellis/Documents/Code Projects/vue_resume_site/client/resume_site/src/components/Global/Navbar.vue","statementMap":{"0":{"start":{"line":69,"column":0},"end":{"line":69,"column":null}}},"fnMap":{"0":{"name":"(anonymous_1)","decl":{"start":{"line":69,"column":0},"end":{"line":69,"column":null}},"loc":{"start":{"line":69,"column":0},"end":{"line":69,"column":null}}}},"branchMap":{},"s":{"0":2},"f":{"0":2},"b":{}}
,"/Users/brandonellis/Documents/Code Projects/vue_resume_site/client/resume_site/src/components/Home/HomeBanner.vue": {"path":"/Users/brandonellis/Documents/Code Projects/vue_resume_site/client/resume_site/src/components/Home/HomeBanner.vue","statementMap":{"0":{"start":{"line":19,"column":0},"end":{"line":19,"column":null}}},"fnMap":{},"branchMap":{},"s":{"0":2},"f":{},"b":{}}
,"/Users/brandonellis/Documents/Code Projects/vue_resume_site/client/resume_site/src/components/Home/HomeBio.vue": {"path":"/Users/brandonellis/Documents/Code Projects/vue_resume_site/client/resume_site/src/components/Home/HomeBio.vue","statementMap":{"0":{"start":{"line":37,"column":0},"end":{"line":37,"column":null}},"1":{"start":{"line":38,"column":0},"end":{"line":38,"column":null}},"2":{"start":{"line":39,"column":0},"end":{"line":39,"column":null}},"3":{"start":{"line":40,"column":0},"end":{"line":40,"column":null}}},"fnMap":{},"branchMap":{},"s":{"0":2,"1":2,"2":2,"3":2},"f":{},"b":{}}
,"/Users/brandonellis/Documents/Code Projects/vue_resume_site/client/resume_site/src/components/Home/HomeContact.vue": {"path":"/Users/brandonellis/Documents/Code Projects/vue_resume_site/client/resume_site/src/components/Home/HomeContact.vue","statementMap":{"0":{"start":{"line":23,"column":0},"end":{"line":23,"column":null}}},"fnMap":{},"branchMap":{},"s":{"0":2},"f":{},"b":{}}
,"/Users/brandonellis/Documents/Code Projects/vue_resume_site/client/resume_site/src/components/Home/HomePage.vue": {"path":"/Users/brandonellis/Documents/Code Projects/vue_resume_site/client/resume_site/src/components/Home/HomePage.vue","statementMap":{"0":{"start":{"line":21,"column":0},"end":{"line":21,"column":null}},"1":{"start":{"line":22,"column":0},"end":{"line":22,"column":null}},"2":{"start":{"line":23,"column":0},"end":{"line":23,"column":null}},"3":{"start":{"line":24,"column":0},"end":{"line":24,"column":null}},"4":{"start":{"line":25,"column":0},"end":{"line":25,"column":null}},"5":{"start":{"line":26,"column":0},"end":{"line":26,"column":null}},"6":{"start":{"line":27,"column":0},"end":{"line":27,"column":null}},"7":{"start":{"line":40,"column":0},"end":{"line":40,"column":null}},"8":{"start":{"line":47,"column":0},"end":{"line":47,"column":null}},"9":{"start":{"line":51,"column":0},"end":{"line":51,"column":null}}},"fnMap":{"0":{"name":"(anonymous_1)","decl":{"start":{"line":40,"column":0},"end":{"line":40,"column":null}},"loc":{"start":{"line":40,"column":0},"end":{"line":40,"column":null}}},"1":{"name":"(anonymous_2)","decl":{"start":{"line":46,"column":0},"end":{"line":46,"column":null}},"loc":{"start":{"line":46,"column":0},"end":{"line":48,"column":null}}},"2":{"name":"(anonymous_3)","decl":{"start":{"line":50,"column":0},"end":{"line":50,"column":null}},"loc":{"start":{"line":50,"column":0},"end":{"line":52,"column":null}}}},"branchMap":{},"s":{"0":1,"1":1,"2":1,"3":1,"4":1,"5":1,"6":1,"7":1,"8":0,"9":0},"f":{"0":1,"1":0,"2":0},"b":{}}
,"/Users/brandonellis/Documents/Code Projects/vue_resume_site/client/resume_site/src/components/Home/HomeTestimonials.vue": {"path":"/Users/brandonellis/Documents/Code Projects/vue_resume_site/client/resume_site/src/components/Home/HomeTestimonials.vue","statementMap":{"0":{"start":{"line":11,"column":0},"end":{"line":11,"column":null}}},"fnMap":{},"branchMap":{},"s":{"0":2},"f":{},"b":{}}
,"/Users/brandonellis/Documents/Code Projects/vue_resume_site/client/resume_site/src/components/Web_Applications/AppsList.vue": {"path":"/Users/brandonellis/Documents/Code Projects/vue_resume_site/client/resume_site/src/components/Web_Applications/AppsList.vue","statementMap":{"0":{"start":{"line":10,"column":0},"end":{"line":10,"column":null}},"1":{"start":{"line":12,"column":0},"end":{"line":12,"column":null}},"2":{"start":{"line":13,"column":0},"end":{"line":13,"column":null}},"3":{"start":{"line":14,"column":0},"end":{"line":14,"column":null}},"4":{"start":{"line":15,"column":0},"end":{"line":15,"column":null}},"5":{"start":{"line":17,"column":0},"end":{"line":17,"column":null}},"6":{"start":{"line":18,"column":0},"end":{"line":18,"column":null}},"7":{"start":{"line":19,"column":0},"end":{"line":19,"column":null}},"8":{"start":{"line":20,"column":0},"end":{"line":20,"column":null}},"9":{"start":{"line":21,"column":0},"end":{"line":21,"column":null}},"10":{"start":{"line":22,"column":0},"end":{"line":22,"column":null}},"11":{"start":{"line":23,"column":0},"end":{"line":23,"column":null}},"12":{"start":{"line":24,"column":0},"end":{"line":24,"column":null}},"13":{"start":{"line":25,"column":0},"end":{"line":25,"column":null}},"14":{"start":{"line":32,"column":0},"end":{"line":32,"column":null}}},"fnMap":{"0":{"name":"(anonymous_1)","decl":{"start":{"line":32,"column":0},"end":{"line":32,"column":null}},"loc":{"start":{"line":32,"column":0},"end":{"line":32,"column":null}}}},"branchMap":{},"s":{"0":3,"1":3,"2":3,"3":3,"4":3,"5":3,"6":3,"7":3,"8":3,"9":3,"10":3,"11":3,"12":3,"13":3,"14":1},"f":{"0":1},"b":{}}
,"/Users/brandonellis/Documents/Code Projects/vue_resume_site/client/resume_site/src/components/Web_Applications/AppsMain.vue": {"path":"/Users/brandonellis/Documents/Code Projects/vue_resume_site/client/resume_site/src/components/Web_Applications/AppsMain.vue","statementMap":{"0":{"start":{"line":14,"column":0},"end":{"line":14,"column":null}},"1":{"start":{"line":15,"column":0},"end":{"line":15,"column":null}}},"fnMap":{},"branchMap":{},"s":{"0":2,"1":2},"f":{},"b":{}}
,"/Users/brandonellis/Documents/Code Projects/vue_resume_site/client/resume_site/src/components/Web_Applications/AppsSidebar.vue": {"path":"/Users/brandonellis/Documents/Code Projects/vue_resume_site/client/resume_site/src/components/Web_Applications/AppsSidebar.vue","statementMap":{"0":{"start":{"line":25,"column":0},"end":{"line":25,"column":null}}},"fnMap":{"0":{"name":"(anonymous_1)","decl":{"start":{"line":25,"column":0},"end":{"line":25,"column":null}},"loc":{"start":{"line":25,"column":0},"end":{"line":25,"column":null}}}},"branchMap":{},"s":{"0":1},"f":{"0":1},"b":{}}
,"/Users/brandonellis/Documents/Code Projects/vue_resume_site/client/resume_site/src/components/Web_Applications/WebAppsPage.vue": {"path":"/Users/brandonellis/Documents/Code Projects/vue_resume_site/client/resume_site/src/components/Web_Applications/WebAppsPage.vue","statementMap":{"0":{"start":{"line":24,"column":0},"end":{"line":24,"column":null}},"1":{"start":{"line":25,"column":0},"end":{"line":25,"column":null}},"2":{"start":{"line":26,"column":0},"end":{"line":26,"column":null}},"3":{"start":{"line":27,"column":0},"end":{"line":27,"column":null}},"4":{"start":{"line":37,"column":0},"end":{"line":37,"column":null}},"5":{"start":{"line":44,"column":0},"end":{"line":44,"column":null}},"6":{"start":{"line":47,"column":0},"end":{"line":47,"column":null}}},"fnMap":{"0":{"name":"(anonymous_1)","decl":{"start":{"line":37,"column":0},"end":{"line":37,"column":null}},"loc":{"start":{"line":37,"column":0},"end":{"line":37,"column":null}}},"1":{"name":"(anonymous_2)","decl":{"start":{"line":43,"column":0},"end":{"line":43,"column":null}},"loc":{"start":{"line":43,"column":0},"end":{"line":45,"column":null}}},"2":{"name":"(anonymous_3)","decl":{"start":{"line":46,"column":0},"end":{"line":46,"column":null}},"loc":{"start":{"line":46,"column":0},"end":{"line":48,"column":null}}}},"branchMap":{},"s":{"0":1,"1":1,"2":1,"3":1,"4":1,"5":0,"6":0},"f":{"0":1,"1":0,"2":0},"b":{}}
}
