{"/Users/brandonellis/Documents/Code Projects/vue_resume_site/client/resume_site/src/components/Global/ContactOverlay.vue": {"path":"/Users/brandonellis/Documents/Code Projects/vue_resume_site/client/resume_site/src/components/Global/ContactOverlay.vue","statementMap":{"0":{"start":{"line":28,"column":0},"end":{"line":28,"column":null}}},"fnMap":{},"branchMap":{},"s":{"0":3},"f":{},"b":{}}
,"/Users/brandonellis/Documents/Code Projects/vue_resume_site/client/resume_site/src/components/Global/Footer.vue": {"path":"/Users/brandonellis/Documents/Code Projects/vue_resume_site/client/resume_site/src/components/Global/Footer.vue","statementMap":{"0":{"start":{"line":79,"column":0},"end":{"line":79,"column":null}}},"fnMap":{"0":{"name":"(anonymous_1)","decl":{"start":{"line":79,"column":0},"end":{"line":79,"column":null}},"loc":{"start":{"line":79,"column":0},"end":{"line":79,"column":null}}}},"branchMap":{},"s":{"0":1},"f":{"0":1},"b":{}}
,"/Users/brandonellis/Documents/Code Projects/vue_resume_site/client/resume_site/src/components/Global/Navbar.vue": {"path":"/Users/brandonellis/Documents/Code Projects/vue_resume_site/client/resume_site/src/components/Global/Navbar.vue","statementMap":{"0":{"start":{"line":69,"column":0},"end":{"line":69,"column":null}}},"fnMap":{"0":{"name":"(anonymous_1)","decl":{"start":{"line":69,"column":0},"end":{"line":69,"column":null}},"loc":{"start":{"line":69,"column":0},"end":{"line":69,"column":null}}}},"branchMap":{},"s":{"0":2},"f":{"0":2},"b":{}}
,"/Users/brandonellis/Documents/Code Projects/vue_resume_site/client/resume_site/src/components/Home/HomeBanner.vue": {"path":"/Users/brandonellis/Documents/Code Projects/vue_resume_site/client/resume_site/src/components/Home/HomeBanner.vue","statementMap":{"0":{"start":{"line":19,"column":0},"end":{"line":19,"column":null}}},"fnMap":{},"branchMap":{},"s":{"0":2},"f":{},"b":{}}
,"/Users/brandonellis/Documents/Code Projects/vue_resume_site/client/resume_site/src/components/Home/HomeBio.vue": {"path":"/Users/brandonellis/Documents/Code Projects/vue_resume_site/client/resume_site/src/components/Home/HomeBio.vue","statementMap":{"0":{"start":{"line":37,"column":0},"end":{"line":37,"column":null}},"1":{"start":{"line":38,"column":0},"end":{"line":38,"column":null}},"2":{"start":{"line":39,"column":0},"end":{"line":39,"column":null}},"3":{"start":{"line":40,"column":0},"end":{"line":40,"column":null}}},"fnMap":{},"branchMap":{},"s":{"0":2,"1":2,"2":2,"3":2},"f":{},"b":{}}
,"/Users/brandonellis/Documents/Code Projects/vue_resume_site/client/resume_site/src/components/Home/HomeContact.vue": {"path":"/Users/brandonellis/Documents/Code Projects/vue_resume_site/client/resume_site/src/components/Home/HomeContact.vue","statementMap":{"0":{"start":{"line":23,"column":0},"end":{"line":23,"column":null}}},"fnMap":{},"branchMap":{},"s":{"0":2},"f":{},"b":{}}
,"/Users/brandonellis/Documents/Code Projects/vue_resume_site/client/resume_site/src/components/Home/HomePage.vue": {"path":"/Users/brandonellis/Documents/Code Projects/vue_resume_site/client/resume_site/src/components/Home/HomePage.vue","statementMap":{"0":{"start":{"line":21,"column":0},"end":{"line":21,"column":null}},"1":{"start":{"line":22,"column":0},"end":{"line":22,"column":null}},"2":{"start":{"line":23,"column":0},"end":{"line":23,"column":null}},"3":{"start":{"line":24,"column":0},"end":{"line":24,"column":null}},"4":{"start":{"line":25,"column":0},"end":{"line":25,"column":null}},"5":{"start":{"line":26,"column":0},"end":{"line":26,"column":null}},"6":{"start":{"line":27,"column":0},"end":{"line":27,"column":null}},"7":{"start":{"line":40,"column":0},"end":{"line":40,"column":null}},"8":{"start":{"line":47,"column":0},"end":{"line":47,"column":null}},"9":{"start":{"line":51,"column":0},"end":{"line":51,"column":null}}},"fnMap":{"0":{"name":"(anonymous_1)","decl":{"start":{"line":40,"column":0},"end":{"line":40,"column":null}},"loc":{"start":{"line":40,"column":0},"end":{"line":40,"column":null}}},"1":{"name":"(anonymous_2)","decl":{"start":{"line":46,"column":0},"end":{"line":46,"column":null}},"loc":{"start":{"line":46,"column":0},"end":{"line":48,"column":null}}},"2":{"name":"(anonymous_3)","decl":{"start":{"line":50,"column":0},"end":{"line":50,"column":null}},"loc":{"start":{"line":50,"column":0},"end":{"line":52,"column":null}}}},"branchMap":{},"s":{"0":1,"1":1,"2":1,"3":1,"4":1,"5":1,"6":1,"7":1,"8":0,"9":0},"f":{"0":1,"1":0,"2":0},"b":{}}
,"/Users/brandonellis/Documents/Code Projects/vue_resume_site/client/resume_site/src/components/Home/HomeTestimonials.vue": {"path":"/Users/brandonellis/Documents/Code Projects/vue_resume_site/client/resume_site/src/components/Home/HomeTestimonials.vue","statementMap":{"0":{"start":{"line":11,"column":0},"end":{"line":11,"column":null}}},"fnMap":{},"branchMap":{},"s":{"0":2},"f":{},"b":{}}
}
