TN:
SF:/Users/brandonellis/Documents/Code Projects/vue_resume_site/client/resume_site/src/components/Global/ContactOverlay.vue
FNF:0
FNH:0
DA:28,3
LF:1
LH:1
BRF:0
BRH:0
end_of_record
TN:
SF:/Users/brandonellis/Documents/Code Projects/vue_resume_site/client/resume_site/src/components/Global/Footer.vue
FN:79,(anonymous_1)
FNF:1
FNH:1
FNDA:1,(anonymous_1)
DA:79,1
LF:1
LH:1
BRF:0
BRH:0
end_of_record
TN:
SF:/Users/brandonellis/Documents/Code Projects/vue_resume_site/client/resume_site/src/components/Global/Navbar.vue
FN:69,(anonymous_1)
FNF:1
FNH:1
FNDA:2,(anonymous_1)
DA:69,2
LF:1
LH:1
BRF:0
BRH:0
end_of_record
TN:
SF:/Users/brandonellis/Documents/Code Projects/vue_resume_site/client/resume_site/src/components/Home/HomeBanner.vue
FNF:0
FNH:0
DA:19,2
LF:1
LH:1
BRF:0
BRH:0
end_of_record
TN:
SF:/Users/brandonellis/Documents/Code Projects/vue_resume_site/client/resume_site/src/components/Home/HomeBio.vue
FNF:0
FNH:0
DA:37,2
DA:38,2
DA:39,2
DA:40,2
LF:4
LH:4
BRF:0
BRH:0
end_of_record
TN:
SF:/Users/brandonellis/Documents/Code Projects/vue_resume_site/client/resume_site/src/components/Home/HomeContact.vue
FNF:0
FNH:0
DA:23,2
LF:1
LH:1
BRF:0
BRH:0
end_of_record
TN:
SF:/Users/brandonellis/Documents/Code Projects/vue_resume_site/client/resume_site/src/components/Home/HomePage.vue
FN:40,(anonymous_1)
FN:46,(anonymous_2)
FN:50,(anonymous_3)
FNF:3
FNH:1
FNDA:1,(anonymous_1)
FNDA:0,(anonymous_2)
FNDA:0,(anonymous_3)
DA:21,1
DA:22,1
DA:23,1
DA:24,1
DA:25,1
DA:26,1
DA:27,1
DA:40,1
DA:47,0
DA:51,0
LF:10
LH:8
BRF:0
BRH:0
end_of_record
TN:
SF:/Users/brandonellis/Documents/Code Projects/vue_resume_site/client/resume_site/src/components/Home/HomeTestimonials.vue
FNF:0
FNH:0
DA:11,2
LF:1
LH:1
BRF:0
BRH:0
end_of_record
