TN:
SF:/Users/brandonellis/Documents/Code Projects/vue_resume_site/client/resume_site/src/components/Data_Visualizations/DataVisualsList.vue
FN:17,(anonymous_1)
FNF:1
FNH:1
FNDA:1,(anonymous_1)
DA:10,3
DA:17,1
LF:2
LH:2
BRF:0
BRH:0
end_of_record
TN:
SF:/Users/brandonellis/Documents/Code Projects/vue_resume_site/client/resume_site/src/components/Data_Visualizations/DataVisualsMain.vue
FNF:0
FNH:0
DA:14,2
DA:15,2
LF:2
LH:2
BRF:0
BRH:0
end_of_record
TN:
SF:/Users/brandonellis/Documents/Code Projects/vue_resume_site/client/resume_site/src/components/Data_Visualizations/DataVisualsPage.vue
FN:46,(anonymous_1)
FN:52,(anonymous_2)
FN:56,(anonymous_3)
FNF:3
FNH:1
FNDA:1,(anonymous_1)
FNDA:0,(anonymous_2)
FNDA:0,(anonymous_3)
DA:33,1
DA:34,1
DA:35,1
DA:36,1
DA:46,1
DA:53,0
DA:57,0
LF:7
LH:5
BRF:0
BRH:0
end_of_record
TN:
SF:/Users/brandonellis/Documents/Code Projects/vue_resume_site/client/resume_site/src/components/Data_Visualizations/DataVisualsSidebar.vue
FN:17,(anonymous_1)
FNF:1
FNH:1
FNDA:1,(anonymous_1)
DA:17,1
LF:1
LH:1
BRF:0
BRH:0
end_of_record
TN:
SF:/Users/brandonellis/Documents/Code Projects/vue_resume_site/client/resume_site/src/components/Global/ContactOverlay.vue
FNF:0
FNH:0
DA:28,7
LF:1
LH:1
BRF:0
BRH:0
end_of_record
TN:
SF:/Users/brandonellis/Documents/Code Projects/vue_resume_site/client/resume_site/src/components/Global/Footer.vue
FN:79,(anonymous_1)
FNF:1
FNH:1
FNDA:1,(anonymous_1)
DA:79,1
LF:1
LH:1
BRF:0
BRH:0
end_of_record
TN:
SF:/Users/brandonellis/Documents/Code Projects/vue_resume_site/client/resume_site/src/components/Global/Navbar.vue
FN:69,(anonymous_1)
FNF:1
FNH:1
FNDA:1,(anonymous_1)
DA:69,1
LF:1
LH:1
BRF:0
BRH:0
end_of_record
TN:
SF:/Users/brandonellis/Documents/Code Projects/vue_resume_site/client/resume_site/src/components/Home/HomeBanner.vue
FNF:0
FNH:0
DA:19,2
LF:1
LH:1
BRF:0
BRH:0
end_of_record
TN:
SF:/Users/brandonellis/Documents/Code Projects/vue_resume_site/client/resume_site/src/components/Home/HomeBio.vue
FNF:0
FNH:0
DA:37,2
DA:38,2
DA:39,2
DA:40,2
LF:4
LH:4
BRF:0
BRH:0
end_of_record
TN:
SF:/Users/brandonellis/Documents/Code Projects/vue_resume_site/client/resume_site/src/components/Home/HomeContact.vue
FNF:0
FNH:0
DA:23,2
LF:1
LH:1
BRF:0
BRH:0
end_of_record
TN:
SF:/Users/brandonellis/Documents/Code Projects/vue_resume_site/client/resume_site/src/components/Home/HomePage.vue
FN:40,(anonymous_1)
FN:46,(anonymous_2)
FN:50,(anonymous_3)
FNF:3
FNH:1
FNDA:1,(anonymous_1)
FNDA:0,(anonymous_2)
FNDA:0,(anonymous_3)
DA:21,1
DA:22,1
DA:23,1
DA:24,1
DA:25,1
DA:26,1
DA:27,1
DA:40,1
DA:47,0
DA:51,0
LF:10
LH:8
BRF:0
BRH:0
end_of_record
TN:
SF:/Users/brandonellis/Documents/Code Projects/vue_resume_site/client/resume_site/src/components/Home/HomeTestimonials.vue
FNF:0
FNH:0
DA:11,2
LF:1
LH:1
BRF:0
BRH:0
end_of_record
TN:
SF:/Users/brandonellis/Documents/Code Projects/vue_resume_site/client/resume_site/src/components/Web_Applications/AppsList.vue
FN:32,(anonymous_1)
FNF:1
FNH:1
FNDA:1,(anonymous_1)
DA:10,3
DA:12,3
DA:13,3
DA:14,3
DA:15,3
DA:17,3
DA:18,3
DA:19,3
DA:20,3
DA:21,3
DA:22,3
DA:23,3
DA:24,3
DA:25,3
DA:32,1
LF:15
LH:15
BRF:0
BRH:0
end_of_record
TN:
SF:/Users/brandonellis/Documents/Code Projects/vue_resume_site/client/resume_site/src/components/Web_Applications/AppsMain.vue
FNF:0
FNH:0
DA:14,2
DA:15,2
LF:2
LH:2
BRF:0
BRH:0
end_of_record
TN:
SF:/Users/brandonellis/Documents/Code Projects/vue_resume_site/client/resume_site/src/components/Web_Applications/AppsSidebar.vue
FN:25,(anonymous_1)
FNF:1
FNH:1
FNDA:1,(anonymous_1)
DA:25,1
LF:1
LH:1
BRF:0
BRH:0
end_of_record
TN:
SF:/Users/brandonellis/Documents/Code Projects/vue_resume_site/client/resume_site/src/components/Web_Applications/WebAppsPage.vue
FN:37,(anonymous_1)
FN:43,(anonymous_2)
FN:46,(anonymous_3)
FNF:3
FNH:1
FNDA:1,(anonymous_1)
FNDA:0,(anonymous_2)
FNDA:0,(anonymous_3)
DA:24,1
DA:25,1
DA:26,1
DA:27,1
DA:37,1
DA:44,0
DA:47,0
LF:7
LH:5
BRF:0
BRH:0
end_of_record
